-1 1512785736.176325 00000000.ppm [bgr]
-1 1512785737.132806 00000001.ppm [bgr]
-1 1512785738.124853 00000002.ppm [bgr]
-1 1512785739.117706 00000003.ppm [bgr]
-1 1512785740.153589 00000004.ppm [bgr]
-1 1512785741.290831 00000005.ppm [bgr]
-1 1512785742.267732 00000006.ppm [bgr]
-1 1512785743.300028 00000007.ppm [bgr]
-1 1512785744.305286 00000008.ppm [bgr]
-1 1512785745.300623 00000009.ppm [bgr]
-1 1512785746.293101 00000010.ppm [bgr]
-1 1512785747.323947 00000011.ppm [bgr]
-1 1512785748.352374 00000012.ppm [bgr]
-1 1512785749.385959 00000013.ppm [bgr]
-1 1512785750.416770 00000014.ppm [bgr]
-1 1512785751.455909 00000015.ppm [bgr]
-1 1512785752.532558 00000016.ppm [bgr]
-1 1512785753.619708 00000017.ppm [bgr]
-1 1512785754.693229 00000018.ppm [bgr]
-1 1512785755.779532 00000019.ppm [bgr]
-1 1512785756.887311 00000020.ppm [bgr]
-1 1512785757.975195 00000021.ppm [bgr]
-1 1512785759.081352 00000022.ppm [bgr]
-1 1512785760.202395 00000023.ppm [bgr]
-1 1512785761.337477 00000024.ppm [bgr]
-1 1512785762.480275 00000025.ppm [bgr]
-1 1512785763.620256 00000026.ppm [bgr]
-1 1512785764.768003 00000027.ppm [bgr]
-1 1512785765.927336 00000028.ppm [bgr]
-1 1512785767.096783 00000029.ppm [bgr]
-1 1512785768.354332 00000030.ppm [bgr]
-1 1512785769.632836 00000031.ppm [bgr]
-1 1512785770.865544 00000032.ppm [bgr]
-1 1512785772.093111 00000033.ppm [bgr]
-1 1512785773.331316 00000034.ppm [bgr]
-1 1512785774.527971 00000035.ppm [bgr]
-1 1512785775.741819 00000036.ppm [bgr]
-1 1512785776.966558 00000037.ppm [bgr]
-1 1512785778.203908 00000038.ppm [bgr]
-1 1512785779.446704 00000039.ppm [bgr]
-1 1512785780.698877 00000040.ppm [bgr]
-1 1512785781.963341 00000041.ppm [bgr]
-1 1512785783.207976 00000042.ppm [bgr]
-1 1512785784.474380 00000043.ppm [bgr]
-1 1512785785.756280 00000044.ppm [bgr]
-1 1512785787.031534 00000045.ppm [bgr]
-1 1512785788.341657 00000046.ppm [bgr]
-1 1512785789.628684 00000047.ppm [bgr]
-1 1512785790.935457 00000048.ppm [bgr]
-1 1512785792.253956 00000049.ppm [bgr]
-1 1512785793.569395 00000050.ppm [bgr]
-1 1512785794.916285 00000051.ppm [bgr]
-1 1512785796.298001 00000052.ppm [bgr]
-1 1512785797.610506 00000053.ppm [bgr]
-1 1512785798.965792 00000054.ppm [bgr]
-1 1512785800.306045 00000055.ppm [bgr]
-1 1512785801.691707 00000056.ppm [bgr]
-1 1512785803.051070 00000057.ppm [bgr]
-1 1512785804.437634 00000058.ppm [bgr]
-1 1512785805.811997 00000059.ppm [bgr]
-1 1512785807.213979 00000060.ppm [bgr]
-1 1512785808.650789 00000061.ppm [bgr]
-1 1512785810.049875 00000062.ppm [bgr]
-1 1512785811.456879 00000063.ppm [bgr]
-1 1512785812.880763 00000064.ppm [bgr]
-1 1512785814.289299 00000065.ppm [bgr]
-1 1512785815.730503 00000066.ppm [bgr]
-1 1512785817.153784 00000067.ppm [bgr]
-1 1512785818.609732 00000068.ppm [bgr]
-1 1512785820.048727 00000069.ppm [bgr]
-1 1512785821.511374 00000070.ppm [bgr]
-1 1512785822.962862 00000071.ppm [bgr]
-1 1512785824.446772 00000072.ppm [bgr]
-1 1512785825.929412 00000073.ppm [bgr]
-1 1512785827.449611 00000074.ppm [bgr]
-1 1512785828.952667 00000075.ppm [bgr]
-1 1512785842.482110 00000076.ppm [bgr]
-1 1512785843.995392 00000077.ppm [bgr]
-1 1512785845.543672 00000078.ppm [bgr]
