-1 1512785736.176367 00000000.ppm [bgr]
-1 1512785737.129572 00000001.ppm [bgr]
-1 1512785738.124737 00000002.ppm [bgr]
-1 1512785739.118299 00000003.ppm [bgr]
-1 1512785740.149320 00000004.ppm [bgr]
-1 1512785741.293144 00000005.ppm [bgr]
-1 1512785742.268352 00000006.ppm [bgr]
-1 1512785743.301058 00000007.ppm [bgr]
-1 1512785744.307194 00000008.ppm [bgr]
-1 1512785745.302230 00000009.ppm [bgr]
-1 1512785746.289871 00000010.ppm [bgr]
-1 1512785747.323191 00000011.ppm [bgr]
-1 1512785748.350912 00000012.ppm [bgr]
-1 1512785749.386331 00000013.ppm [bgr]
-1 1512785750.413984 00000014.ppm [bgr]
-1 1512785751.457147 00000015.ppm [bgr]
-1 1512785752.533643 00000016.ppm [bgr]
-1 1512785753.619647 00000017.ppm [bgr]
-1 1512785754.695037 00000018.ppm [bgr]
-1 1512785755.781002 00000019.ppm [bgr]
-1 1512785756.885269 00000020.ppm [bgr]
-1 1512785757.976653 00000021.ppm [bgr]
-1 1512785759.083345 00000022.ppm [bgr]
-1 1512785760.198875 00000023.ppm [bgr]
-1 1512785761.336962 00000024.ppm [bgr]
-1 1512785762.479164 00000025.ppm [bgr]
-1 1512785763.621310 00000026.ppm [bgr]
-1 1512785764.763503 00000027.ppm [bgr]
-1 1512785765.920435 00000028.ppm [bgr]
-1 1512785767.100947 00000029.ppm [bgr]
-1 1512785768.353226 00000030.ppm [bgr]
-1 1512785769.634752 00000031.ppm [bgr]
-1 1512785770.866029 00000032.ppm [bgr]
-1 1512785772.093001 00000033.ppm [bgr]
-1 1512785773.327403 00000034.ppm [bgr]
-1 1512785774.524129 00000035.ppm [bgr]
-1 1512785775.739454 00000036.ppm [bgr]
-1 1512785776.957294 00000037.ppm [bgr]
-1 1512785778.204577 00000038.ppm [bgr]
-1 1512785779.446761 00000039.ppm [bgr]
-1 1512785780.698980 00000040.ppm [bgr]
-1 1512785781.964760 00000041.ppm [bgr]
-1 1512785783.208131 00000042.ppm [bgr]
-1 1512785784.471873 00000043.ppm [bgr]
-1 1512785785.757877 00000044.ppm [bgr]
-1 1512785787.029308 00000045.ppm [bgr]
-1 1512785788.341416 00000046.ppm [bgr]
-1 1512785789.631412 00000047.ppm [bgr]
-1 1512785790.936149 00000048.ppm [bgr]
-1 1512785792.255090 00000049.ppm [bgr]
-1 1512785793.567404 00000050.ppm [bgr]
-1 1512785794.914968 00000051.ppm [bgr]
-1 1512785796.298437 00000052.ppm [bgr]
-1 1512785797.610280 00000053.ppm [bgr]
-1 1512785798.973720 00000054.ppm [bgr]
-1 1512785800.308733 00000055.ppm [bgr]
-1 1512785801.695130 00000056.ppm [bgr]
-1 1512785803.055276 00000057.ppm [bgr]
-1 1512785804.437214 00000058.ppm [bgr]
-1 1512785805.812809 00000059.ppm [bgr]
-1 1512785807.214178 00000060.ppm [bgr]
-1 1512785808.648534 00000061.ppm [bgr]
-1 1512785810.047875 00000062.ppm [bgr]
-1 1512785811.452794 00000063.ppm [bgr]
-1 1512785812.875596 00000064.ppm [bgr]
-1 1512785814.287750 00000065.ppm [bgr]
-1 1512785815.730916 00000066.ppm [bgr]
-1 1512785817.154371 00000067.ppm [bgr]
-1 1512785818.610795 00000068.ppm [bgr]
-1 1512785820.048676 00000069.ppm [bgr]
-1 1512785821.510407 00000070.ppm [bgr]
-1 1512785822.963232 00000071.ppm [bgr]
-1 1512785824.447982 00000072.ppm [bgr]
-1 1512785825.928130 00000073.ppm [bgr]
-1 1512785827.447021 00000074.ppm [bgr]
-1 1512785828.952013 00000075.ppm [bgr]
-1 1512785842.480669 00000076.ppm [bgr]
-1 1512785843.993646 00000077.ppm [bgr]
-1 1512785845.541637 00000078.ppm [bgr]
