-1 1512785736.167506 -3.890962 8.650354 -4.308351 -4.659124 5.363246 1.340749 -3.051129 1.0
-1 1512785737.123007 -5.657946 13.377884 1.021259 -7.21593 6.155616 9.038154 -1.78183 2.0
-1 1512785738.118317 -2.936059 14.564081 0.216983 0.069731 0.734572 2.695498 -1.138665 3.0
-1 1512785739.110997 1.167127 9.528929 -7.946951 0.817415 -1.03121 -6.361052 3.379975 4.0
-1 1512785740.142047 1.99141 4.54112 -19.148556 -2.177686 0.920907 -13.706535 -8.697204 5.0
-1 1512785741.283041 4.619988 12.594982 -6.903333 -12.340448 -0.952474 -1.165415 0.458787 6.0
-1 1512785742.260267 7.279921 11.803898 -5.431678 -11.391125 -5.853221 -1.198 1.466135 7.0
-1 1512785743.291706 -2.600718 6.848209 -11.226009 -6.560737 4.402196 -4.991109 2.759717 8.0
-1 1512785744.298975 3.920011 15.356592 -7.327695 -5.928538 0.162386 -7.204414 5.104458 9.0
-1 1512785745.294477 1.604425 9.316211 -3.754591 -6.885345 -4.463227 -5.544323 -4.477754 10.0
-1 1512785746.283521 2.405132 10.550397 -5.799791 -15.870625 -0.549509 -1.747958 -0.363308 11.0
-1 1512785747.315193 -6.503164 8.058528 -1.392335 -5.450948 -7.124351 1.449863 15.202527 12.0
-1 1512785748.342334 -5.772948 10.542484 4.347591 -9.194639 7.233021 8.520432 2.125537 13.0
-1 1512785749.377198 -5.628758 10.885497 4.321891 -9.179822 7.596974 8.440057 3.168462 14.0
-1 1512785750.407601 -0.984908 9.524772 -4.822892 -15.006127 -4.23035 -7.491659 7.292377 15.0
-1 1512785751.447808 1.375959 9.37122 -5.773975 -16.24259 -1.583318 -2.415692 -0.584327 16.0
-1 1512785752.524260 -1.491203 9.709917 -4.950709 -14.841577 -4.451837 -7.61931 7.68962 17.0
-1 1512785753.610274 -1.301322 9.542437 -5.28923 -14.886037 -4.356403 -7.508943 7.593298 18.0
-1 1512785754.685128 -1.34932 9.474503 -5.208637 -14.83363 -4.519067 -7.338608 7.42772 19.0
-1 1512785755.772522 -1.3442 9.709426 -5.3048 -15.155634 -4.5135 -7.434516 7.327879 20.0
-1 1512785756.877904 -1.202277 9.296238 -5.046191 -15.038006 -4.763185 -7.181703 7.526058 21.0
-1 1512785757.968666 0.23155 13.736244 -0.527857 -7.632489 -0.477328 -0.534004 5.727658 22.0
-1 1512785759.074882 0.222518 13.746281 -0.602798 -7.483915 -0.555198 -0.519152 5.849446 23.0
-1 1512785760.191451 0.200133 13.848022 -0.662739 -7.442635 -0.567636 -0.64805 5.8387 24.0
-1 1512785761.329180 0.077338 13.66296 -0.590459 -7.764719 -0.626661 -0.917604 5.783068 25.0
-1 1512785762.469912 3.747999 9.154567 -11.382134 -11.622128 0.746177 1.309904 -1.15002 26.0
-1 1512785763.610889 3.734107 9.229834 -11.05718 -11.345378 0.859057 1.471357 -1.47166 27.0
-1 1512785764.755820 9.006917 11.468849 -16.552952 1.985757 2.86434 3.040946 -10.314238 28.0
-1 1512785765.913474 9.050705 11.473413 -16.537106 2.031061 2.785725 3.100451 -10.368378 29.0
-1 1512785767.089161 9.112082 11.408634 -16.492687 2.013193 2.757668 3.116517 -10.349236 30.0
-1 1512785768.347960 9.001602 11.398955 -16.430214 2.033127 2.814429 3.115319 -10.359284 31.0
-1 1512785769.625410 4.465019 12.760561 -4.09044 -13.239096 -8.26767 0.582434 -2.560024 32.0
-1 1512785770.857430 8.997077 11.417884 -16.419426 1.990705 2.879569 3.140018 -10.395268 33.0
-1 1512785772.084033 8.978401 11.42317 -16.434742 2.002698 2.867598 3.149177 -10.386132 34.0
-1 1512785773.321044 8.922153 11.423535 -16.459925 1.956598 2.850221 3.132131 -10.347445 35.0
-1 1512785774.518631 8.918346 11.500142 -16.439175 1.96491 2.88275 3.108002 -10.376803 36.0
-1 1512785775.731075 8.906455 11.548771 -16.497667 2.030534 2.890836 3.140569 -10.416036 37.0
-1 1512785776.949087 8.938595 11.556091 -16.496597 2.016308 2.832042 3.106667 -10.395686 38.0
-1 1512785778.196280 8.885283 11.568498 -16.493891 1.950171 2.814777 3.115512 -10.361511 39.0
-1 1512785779.438323 8.912159 11.472332 -16.435427 2.186614 2.916628 3.136902 -10.489813 40.0
-1 1512785780.687610 8.882309 11.457568 -16.395071 2.188074 2.928063 3.110872 -10.468319 41.0
-1 1512785781.955744 8.883285 11.470066 -16.421656 2.177743 2.893127 3.144829 -10.518932 42.0
-1 1512785783.201956 8.963794 11.431924 -16.579718 1.930668 2.787946 3.179621 -10.357779 43.0
-1 1512785784.465533 8.898 11.408152 -16.338428 2.107375 2.948242 3.112072 -10.401439 44.0
-1 1512785785.747587 9.096736 11.37763 -16.463188 1.841737 2.983365 3.028732 -10.478088 45.0
-1 1512785787.020452 8.942174 11.62798 -16.537222 1.89292 2.791858 3.094565 -10.333799 46.0
-1 1512785788.333603 8.931443 11.438827 -16.405695 2.077078 2.852535 3.359256 -10.379045 47.0
-1 1512785789.623456 8.771313 11.533393 -16.399221 2.086225 3.031629 3.149465 -10.459434 48.0
-1 1512785790.927310 8.821515 11.581171 -16.46047 2.045184 3.057956 3.166951 -10.421362 49.0
-1 1512785792.249162 8.789764 11.570692 -16.48834 2.069689 3.009878 3.187584 -10.422435 50.0
-1 1512785793.560981 9.213609 11.497876 -16.512148 1.952845 2.822059 3.001456 -10.470193 51.0
-1 1512785794.905986 8.85506 11.332645 -16.386044 1.964875 2.741142 3.02972 -10.577143 52.0
-1 1512785796.290273 8.799841 11.341728 -16.330137 1.997082 2.706915 2.983454 -10.569334 53.0
-1 1512785797.600625 8.74708 11.367193 -16.403498 2.024447 2.759328 3.192636 -10.42009 54.0
-1 1512785798.957060 8.790777 11.400441 -16.251844 1.990462 2.66232 3.063899 -10.576723 55.0
-1 1512785800.298880 8.751826 11.392982 -16.392553 2.030452 2.770447 3.132238 -10.38981 56.0
-1 1512785801.683335 8.733353 11.414288 -16.308649 1.994813 2.774059 3.14064 -10.403921 57.0
-1 1512785803.041707 8.960394 11.52428 -16.512362 1.972942 2.81965 3.070454 -10.717223 58.0
-1 1512785804.429902 8.737718 11.409708 -16.304695 2.023314 2.74226 3.239399 -10.390635 59.0
-1 1512785805.805009 8.772886 11.48158 -16.242912 2.065959 2.763806 3.273304 -10.433918 60.0
-1 1512785807.207896 8.76185 11.458743 -16.223465 2.160611 2.8166 3.259457 -10.409389 61.0
-1 1512785808.643188 8.798993 11.407941 -16.246 2.131132 2.837354 3.237883 -10.373704 62.0
-1 1512785810.042184 8.861825 11.526551 -16.471527 2.04986 2.804664 3.201838 -10.761322 63.0
-1 1512785811.445179 8.895686 11.542899 -16.482386 2.043395 2.75697 3.193349 -10.710561 64.0
-1 1512785812.870239 8.837109 11.511766 -16.451984 2.049832 2.844621 3.249323 -10.711098 65.0
-1 1512785814.279659 8.87799 11.39606 -16.20171 2.014977 2.824688 3.19709 -10.375613 66.0
-1 1512785815.724790 8.862993 11.37386 -16.158007 2.016939 2.860942 3.161979 -10.384108 67.0
-1 1512785817.148061 8.93369 11.386725 -16.217926 1.980578 2.833501 3.167439 -10.449237 68.0
-1 1512785818.604451 8.939754 11.48629 -16.250158 1.983126 2.906862 3.123245 -10.493629 69.0
-1 1512785820.040158 8.974339 11.495367 -16.206921 1.985093 2.916915 3.105022 -10.411995 70.0
-1 1512785821.505375 8.993314 11.53263 -16.207335 1.966897 2.905592 3.126387 -10.404803 71.0
-1 1512785822.957415 8.967897 11.557885 -16.188457 1.961347 2.789453 3.132745 -10.401667 72.0
-1 1512785824.439050 8.924253 11.534383 -16.156588 1.980932 2.890712 3.166595 -10.458961 73.0
-1 1512785825.922878 8.903034 11.598114 -16.268742 2.017377 2.857983 3.012347 -10.41424 74.0
-1 1512785827.441369 8.918084 11.388645 -16.449837 2.04462 2.860969 3.085462 -10.422639 75.0
-1 1512785828.942922 8.847182 11.365635 -16.419052 2.040828 2.866298 3.093142 -10.443508 76.0
-1 1512785842.475690 8.807952 11.384688 -16.42568 2.043532 2.803071 3.079147 -10.519089 77.0
-1 1512785843.987385 8.821425 11.378442 -16.462967 2.064585 2.835719 3.103924 -10.518477 78.0
-1 1512785845.535086 8.847614 11.371119 -16.422047 2.04855 2.831211 3.048661 -10.497986 79.0
